2026-07-18T03:47:43Z INF Thank you for trying Cloudflare Tunnel. Doing so, without a Cloudflare account, is a quick way to experiment and try it out. However, be aware that these account-less Tunnels have no uptime guarantee, are subject to the Cloudflare Online Services Terms of Use (https://www.cloudflare.com/website-terms/), and Cloudflare reserves the right to investigate your use of Tunnels for violations of such terms. If you intend to use Tunnels in production you should use a pre-created named tunnel by following: https://developers.cloudflare.com/cloudflare-one/connections/connect-apps
2026-07-18T03:47:43Z INF Requesting new quick Tunnel on trycloudflare.com...
2026-07-18T03:47:46Z INF +--------------------------------------------------------------------------------------------+
2026-07-18T03:47:46Z INF |  Your quick Tunnel has been created! Visit it at (it may take some time to be reachable):  |
2026-07-18T03:47:46Z INF |  https://studies-beside-entrepreneur-complications.trycloudflare.com                       |
2026-07-18T03:47:46Z INF +--------------------------------------------------------------------------------------------+
2026-07-18T03:47:46Z INF Cannot determine default configuration path. No file [config.yml config.yaml] in [~/.cloudflared ~/.cloudflare-warp ~/cloudflare-warp]
2026-07-18T03:47:46Z INF Version 2026.6.1 (Checksum 5253e66f1f493c4e13539749f1aa86fd0c61e3072900fec29a44ba046a6d97e2)
2026-07-18T03:47:46Z INF GOOS: windows, GOVersion: go1.26.4, GoArch: amd64
2026-07-18T03:47:46Z INF Settings: map[ha-connections:1 p:http2 protocol:http2 url:http://127.0.0.1:5173]
2026-07-18T03:47:46Z INF cloudflared will not automatically update on Windows systems.
2026-07-18T03:47:46Z INF Generated Connector ID: e67a6d46-4763-4e69-8e85-eca3d78a1069
2026-07-18T03:47:46Z INF Initial protocol http2
2026-07-18T03:47:46Z INF ICMP proxy will use 192.168.1.179 as source for IPv4
2026-07-18T03:47:46Z INF ICMP proxy will use 2001:b011:7008:b851:42ee:6b74:5c92:3b8f in zone 乙太網路 as source for IPv6
2026-07-18T03:47:46Z INF cloudflared does not support loading the system root certificate pool on Windows. Please use --origin-ca-pool <PATH> to specify the path to the certificate pool
2026-07-18T03:47:46Z INF ICMP proxy will use 192.168.1.179 as source for IPv4
2026-07-18T03:47:47Z INF Tunnel connection curve preferences: [X25519MLKEM768 CurveID(65074) CurveP256] connIndex=0 event=0 ip=2606:4700:a8::4
2026-07-18T03:47:47Z INF ICMP proxy will use 2001:b011:7008:b851:42ee:6b74:5c92:3b8f in zone 乙太網路 as source for IPv6
2026-07-18T03:47:47Z INF Starting metrics server on 127.0.0.1:20241/metrics
2026-07-18T03:47:47Z INF +--------------------------------------------------------------------------------------+
2026-07-18T03:47:47Z INF |                               CONNECTIVITY PRE-CHECKS                                |
2026-07-18T03:47:47Z INF +--------------------------------------------------------------------------------------+
2026-07-18T03:47:47Z INF |  COMPONENT         TARGET                     STATUS  DETAILS                        |
2026-07-18T03:47:47Z INF |  DNS Resolution    region1.v2.argotunnel.com  PASS    DNS Resolved successfully      |
2026-07-18T03:47:47Z INF |  DNS Resolution    region2.v2.argotunnel.com  PASS    DNS Resolved successfully      |
2026-07-18T03:47:47Z INF |  UDP Connectivity  region1.v2.argotunnel.com  PASS    QUIC connection successful     |
2026-07-18T03:47:47Z INF |  UDP Connectivity  region2.v2.argotunnel.com  PASS    QUIC connection successful     |
2026-07-18T03:47:47Z INF |  TCP Connectivity  region1.v2.argotunnel.com  PASS    HTTP/2 connection successful   |
2026-07-18T03:47:47Z INF |  TCP Connectivity  region2.v2.argotunnel.com  PASS    HTTP/2 connection successful   |
2026-07-18T03:47:47Z INF |  Cloudflare API    api.cloudflare.com:443     PASS    API is reachable               |
2026-07-18T03:47:47Z INF |                                                                                      |
2026-07-18T03:47:47Z INF |  SUMMARY: Environment is healthy. cloudflared will use 'http2' as primary protocol.  |
2026-07-18T03:47:47Z INF +--------------------------------------------------------------------------------------+
2026-07-18T03:47:47Z INF precheck component="DNS Resolution" details="DNS Resolved successfully" run_id=32d4a55c-4f3c-448f-8bce-eb8974bde108 status=pass target=region1.v2.argotunnel.com
2026-07-18T03:47:47Z INF precheck component="DNS Resolution" details="DNS Resolved successfully" run_id=32d4a55c-4f3c-448f-8bce-eb8974bde108 status=pass target=region2.v2.argotunnel.com
2026-07-18T03:47:47Z INF precheck component="UDP Connectivity" details="QUIC connection successful" run_id=32d4a55c-4f3c-448f-8bce-eb8974bde108 status=pass target=region1.v2.argotunnel.com
2026-07-18T03:47:47Z INF precheck component="UDP Connectivity" details="QUIC connection successful" run_id=32d4a55c-4f3c-448f-8bce-eb8974bde108 status=pass target=region2.v2.argotunnel.com
2026-07-18T03:47:47Z INF precheck component="TCP Connectivity" details="HTTP/2 connection successful" run_id=32d4a55c-4f3c-448f-8bce-eb8974bde108 status=pass target=region1.v2.argotunnel.com
2026-07-18T03:47:47Z INF precheck component="TCP Connectivity" details="HTTP/2 connection successful" run_id=32d4a55c-4f3c-448f-8bce-eb8974bde108 status=pass target=region2.v2.argotunnel.com
2026-07-18T03:47:47Z INF precheck component="Cloudflare API" details="API is reachable" run_id=32d4a55c-4f3c-448f-8bce-eb8974bde108 status=pass target=api.cloudflare.com:443
2026-07-18T03:47:47Z INF precheck complete hard_fail=false run_id=32d4a55c-4f3c-448f-8bce-eb8974bde108 suggested_protocol=http2
2026-07-18T03:47:47Z INF Registered tunnel connection connIndex=0 connection=cf9c8ce6-0c3c-4702-923b-40f42569e93f event=0 ip=2606:4700:a8::4 location=tpe01 protocol=http2
