2026-07-09T09:17:47Z INF Thank you for trying Cloudflare Tunnel. Doing so, without a Cloudflare account, is a quick way to experiment and try it out. However, be aware that these account-less Tunnels have no uptime guarantee, are subject to the Cloudflare Online Services Terms of Use (https://www.cloudflare.com/website-terms/), and Cloudflare reserves the right to investigate your use of Tunnels for violations of such terms. If you intend to use Tunnels in production you should use a pre-created named tunnel by following: https://developers.cloudflare.com/cloudflare-one/connections/connect-apps
2026-07-09T09:17:47Z INF Requesting new quick Tunnel on trycloudflare.com...
2026-07-09T09:17:50Z INF +--------------------------------------------------------------------------------------------+
2026-07-09T09:17:50Z INF |  Your quick Tunnel has been created! Visit it at (it may take some time to be reachable):  |
2026-07-09T09:17:50Z INF |  https://holdings-administration-professor-portfolio.trycloudflare.com                     |
2026-07-09T09:17:50Z INF +--------------------------------------------------------------------------------------------+
2026-07-09T09:17:50Z INF Cannot determine default configuration path. No file [config.yml config.yaml] in [~/.cloudflared ~/.cloudflare-warp ~/cloudflare-warp]
2026-07-09T09:17:50Z INF Version 2026.6.1 (Checksum 5253e66f1f493c4e13539749f1aa86fd0c61e3072900fec29a44ba046a6d97e2)
2026-07-09T09:17:50Z INF GOOS: windows, GOVersion: go1.26.4, GoArch: amd64
2026-07-09T09:17:50Z INF Settings: map[ha-connections:1 p:http2 protocol:http2 url:http://127.0.0.1:5173]
2026-07-09T09:17:50Z INF cloudflared will not automatically update on Windows systems.
2026-07-09T09:17:50Z INF Generated Connector ID: 3793e92d-602a-4927-8d6c-6641b33750ff
2026-07-09T09:17:50Z INF Initial protocol http2
2026-07-09T09:17:50Z INF ICMP proxy will use 192.168.1.179 as source for IPv4
2026-07-09T09:17:50Z INF ICMP proxy will use 2001:b011:7008:f3f4:575f:6638:e281:647f in zone 乙太網路 as source for IPv6
2026-07-09T09:17:50Z INF cloudflared does not support loading the system root certificate pool on Windows. Please use --origin-ca-pool <PATH> to specify the path to the certificate pool
2026-07-09T09:17:50Z INF ICMP proxy will use 192.168.1.179 as source for IPv4
2026-07-09T09:17:50Z INF Tunnel connection curve preferences: [X25519MLKEM768 CurveID(65074) CurveP256] connIndex=0 event=0 ip=2606:4700:a8::1
2026-07-09T09:17:50Z INF ICMP proxy will use 2001:b011:7008:f3f4:575f:6638:e281:647f in zone 乙太網路 as source for IPv6
2026-07-09T09:17:50Z INF Starting metrics server on 127.0.0.1:20241/metrics
2026-07-09T09:17:50Z INF +--------------------------------------------------------------------------------------+
2026-07-09T09:17:50Z INF |                               CONNECTIVITY PRE-CHECKS                                |
2026-07-09T09:17:50Z INF +--------------------------------------------------------------------------------------+
2026-07-09T09:17:50Z INF |  COMPONENT         TARGET                     STATUS  DETAILS                        |
2026-07-09T09:17:50Z INF |  DNS Resolution    region1.v2.argotunnel.com  PASS    DNS Resolved successfully      |
2026-07-09T09:17:50Z INF |  DNS Resolution    region2.v2.argotunnel.com  PASS    DNS Resolved successfully      |
2026-07-09T09:17:50Z INF |  UDP Connectivity  region1.v2.argotunnel.com  PASS    QUIC connection successful     |
2026-07-09T09:17:50Z INF |  UDP Connectivity  region2.v2.argotunnel.com  PASS    QUIC connection successful     |
2026-07-09T09:17:50Z INF |  TCP Connectivity  region1.v2.argotunnel.com  PASS    HTTP/2 connection successful   |
2026-07-09T09:17:50Z INF |  TCP Connectivity  region2.v2.argotunnel.com  PASS    HTTP/2 connection successful   |
2026-07-09T09:17:50Z INF |  Cloudflare API    api.cloudflare.com:443     PASS    API is reachable               |
2026-07-09T09:17:50Z INF |                                                                                      |
2026-07-09T09:17:50Z INF |  SUMMARY: Environment is healthy. cloudflared will use 'http2' as primary protocol.  |
2026-07-09T09:17:50Z INF +--------------------------------------------------------------------------------------+
2026-07-09T09:17:50Z INF precheck component="DNS Resolution" details="DNS Resolved successfully" run_id=30641f74-782a-4f09-930f-674857d53e48 status=pass target=region1.v2.argotunnel.com
2026-07-09T09:17:50Z INF precheck component="DNS Resolution" details="DNS Resolved successfully" run_id=30641f74-782a-4f09-930f-674857d53e48 status=pass target=region2.v2.argotunnel.com
2026-07-09T09:17:50Z INF precheck component="UDP Connectivity" details="QUIC connection successful" run_id=30641f74-782a-4f09-930f-674857d53e48 status=pass target=region1.v2.argotunnel.com
2026-07-09T09:17:50Z INF precheck component="UDP Connectivity" details="QUIC connection successful" run_id=30641f74-782a-4f09-930f-674857d53e48 status=pass target=region2.v2.argotunnel.com
2026-07-09T09:17:50Z INF precheck component="TCP Connectivity" details="HTTP/2 connection successful" run_id=30641f74-782a-4f09-930f-674857d53e48 status=pass target=region1.v2.argotunnel.com
2026-07-09T09:17:50Z INF precheck component="TCP Connectivity" details="HTTP/2 connection successful" run_id=30641f74-782a-4f09-930f-674857d53e48 status=pass target=region2.v2.argotunnel.com
2026-07-09T09:17:50Z INF precheck component="Cloudflare API" details="API is reachable" run_id=30641f74-782a-4f09-930f-674857d53e48 status=pass target=api.cloudflare.com:443
2026-07-09T09:17:50Z INF precheck complete hard_fail=false run_id=30641f74-782a-4f09-930f-674857d53e48 suggested_protocol=http2
2026-07-09T09:17:50Z INF Registered tunnel connection connIndex=0 connection=b4b308a5-44c4-4254-bdc3-7b3a18190e66 event=0 ip=2606:4700:a8::1 location=tpe01 protocol=http2
2026-07-09T11:04:33Z ERR failed to serve incoming request error="Error shutting down control stream: context canceled"
2026-07-09T11:04:33Z ERR Serve tunnel error error="Error shutting down control stream: context canceled" connIndex=0 event=0 ip=2606:4700:a8::1
2026-07-09T11:04:33Z INF Retrying connection in up to 1s connIndex=0 event=0 ip=2606:4700:a8::1
2026-07-09T11:04:34Z ERR Connection terminated error="Error shutting down control stream: context canceled" connIndex=0
2026-07-09T11:04:38Z ERR Failed to refresh DNS local resolver error="lookup region1.v2.argotunnel.com: i/o timeout"
2026-07-09T11:04:53Z INF Tunnel connection curve preferences: [X25519MLKEM768 CurveID(65074) CurveP256] connIndex=0 event=0 ip=2606:4700:a8::1
2026-07-09T11:04:53Z ERR failed to serve incoming request error="Unauthorized: Tunnel not found"
2026-07-09T11:04:53Z ERR Register tunnel error from server side error="Unauthorized: Tunnel not found" connIndex=0 event=0 ip=2606:4700:a8::1
2026-07-09T11:04:53Z INF Retrying connection in up to 4s connIndex=0 event=0 ip=2606:4700:a8::1
2026-07-09T11:04:55Z ERR Connection terminated error="Unauthorized: Tunnel not found" connIndex=0
2026-07-09T11:05:01Z INF Tunnel connection curve preferences: [X25519MLKEM768 CurveID(65074) CurveP256] connIndex=0 event=0 ip=2606:4700:a8::1
2026-07-09T11:05:01Z ERR failed to serve incoming request error="Unauthorized: Tunnel not found"
2026-07-09T11:05:01Z ERR Register tunnel error from server side error="Unauthorized: Tunnel not found" connIndex=0 event=0 ip=2606:4700:a8::1
2026-07-09T11:05:01Z INF Retrying connection in up to 8s connIndex=0 event=0 ip=2606:4700:a8::1
2026-07-09T11:05:05Z ERR Connection terminated error="Unauthorized: Tunnel not found" connIndex=0
2026-07-09T11:05:54Z INF Tunnel connection curve preferences: [X25519MLKEM768 CurveID(65074) CurveP256] connIndex=0 event=0 ip=2606:4700:a8::1
2026-07-09T11:05:54Z ERR failed to serve incoming request error="Unauthorized: Tunnel not found"
2026-07-09T11:05:54Z ERR Register tunnel error from server side error="Unauthorized: Tunnel not found" connIndex=0 event=0 ip=2606:4700:a8::1
2026-07-09T11:05:54Z INF Retrying connection in up to 16s connIndex=0 event=0 ip=2606:4700:a8::1
2026-07-09T11:06:04Z ERR Connection terminated error="Unauthorized: Tunnel not found" connIndex=0
2026-07-09T11:08:28Z INF Tunnel connection curve preferences: [X25519MLKEM768 CurveID(65074) CurveP256] connIndex=0 event=0 ip=2606:4700:a8::1
2026-07-09T11:08:28Z ERR failed to serve incoming request error="Unauthorized: Tunnel not found"
2026-07-09T11:08:28Z ERR Register tunnel error from server side error="Unauthorized: Tunnel not found" connIndex=0 event=0 ip=2606:4700:a8::1
2026-07-09T11:08:28Z INF Retrying connection in up to 32s connIndex=0 event=0 ip=2606:4700:a8::1
2026-07-09T11:08:54Z ERR Connection terminated error="Unauthorized: Tunnel not found" connIndex=0
2026-07-09T11:10:52Z INF Tunnel connection curve preferences: [X25519MLKEM768 CurveID(65074) CurveP256] connIndex=0 event=0 ip=2606:4700:a8::1
2026-07-09T11:10:52Z ERR failed to serve incoming request error="Unauthorized: Tunnel not found"
2026-07-09T11:10:52Z ERR Register tunnel error from server side error="Unauthorized: Tunnel not found" connIndex=0 event=0 ip=2606:4700:a8::1
2026-07-09T11:10:52Z INF Retrying connection in up to 1m4s connIndex=0 event=0 ip=2606:4700:a8::1
2026-07-09T11:11:01Z ERR Connection terminated error="Unauthorized: Tunnel not found" connIndex=0
2026-07-09T11:15:11Z INF Tunnel connection curve preferences: [X25519MLKEM768 CurveID(65074) CurveP256] connIndex=0 event=0 ip=2606:4700:a8::1
2026-07-09T11:15:11Z ERR failed to serve incoming request error="Unauthorized: Tunnel not found"
2026-07-09T11:15:11Z ERR Register tunnel error from server side error="Unauthorized: Tunnel not found" connIndex=0 event=0 ip=2606:4700:a8::1
2026-07-09T11:15:11Z INF Retrying connection in up to 1m4s connIndex=0 event=0 ip=2606:4700:a8::1
2026-07-09T11:15:13Z ERR Connection terminated error="Unauthorized: Tunnel not found" connIndex=0
2026-07-09T11:15:34Z INF Tunnel connection curve preferences: [X25519MLKEM768 CurveID(65074) CurveP256] connIndex=0 event=0 ip=2606:4700:a8::1
2026-07-09T11:15:34Z ERR failed to serve incoming request error="Unauthorized: Tunnel not found"
2026-07-09T11:15:34Z ERR Register tunnel error from server side error="Unauthorized: Tunnel not found" connIndex=0 event=0 ip=2606:4700:a8::1
2026-07-09T11:15:34Z INF Retrying connection in up to 1m4s connIndex=0 event=0 ip=2606:4700:a8::1
2026-07-09T11:15:41Z ERR Connection terminated error="Unauthorized: Tunnel not found" connIndex=0
2026-07-09T11:19:02Z INF Tunnel connection curve preferences: [X25519MLKEM768 CurveID(65074) CurveP256] connIndex=0 event=0 ip=2606:4700:a8::1
2026-07-09T11:19:03Z ERR failed to serve incoming request error="Unauthorized: Tunnel not found"
2026-07-09T11:19:03Z ERR Register tunnel error from server side error="Unauthorized: Tunnel not found" connIndex=0 event=0 ip=2606:4700:a8::1
2026-07-09T11:19:03Z INF Retrying connection in up to 1m4s connIndex=0 event=0 ip=2606:4700:a8::1
2026-07-09T11:19:22Z ERR Connection terminated error="Unauthorized: Tunnel not found" connIndex=0
2026-07-09T11:22:46Z INF Tunnel connection curve preferences: [X25519MLKEM768 CurveID(65074) CurveP256] connIndex=0 event=0 ip=2606:4700:a8::1
2026-07-09T11:22:46Z ERR failed to serve incoming request error="Unauthorized: Tunnel not found"
2026-07-09T11:22:46Z ERR Register tunnel error from server side error="Unauthorized: Tunnel not found" connIndex=0 event=0 ip=2606:4700:a8::1
2026-07-09T11:22:46Z INF Retrying connection in up to 1m4s connIndex=0 event=0 ip=2606:4700:a8::1
2026-07-09T11:22:57Z ERR Connection terminated error="Unauthorized: Tunnel not found" connIndex=0
2026-07-09T11:23:04Z INF Tunnel connection curve preferences: [X25519MLKEM768 CurveID(65074) CurveP256] connIndex=0 event=0 ip=2606:4700:a8::1
2026-07-09T11:23:04Z ERR failed to serve incoming request error="Unauthorized: Tunnel not found"
2026-07-09T11:23:04Z ERR Register tunnel error from server side error="Unauthorized: Tunnel not found" connIndex=0 event=0 ip=2606:4700:a8::1
2026-07-09T11:23:04Z INF Retrying connection in up to 1m4s connIndex=0 event=0 ip=2606:4700:a8::1
2026-07-09T11:23:07Z ERR Connection terminated error="Unauthorized: Tunnel not found" connIndex=0
2026-07-09T11:24:35Z INF Tunnel connection curve preferences: [X25519MLKEM768 CurveID(65074) CurveP256] connIndex=0 event=0 ip=2606:4700:a8::1
2026-07-09T11:24:35Z ERR failed to serve incoming request error="Unauthorized: Tunnel not found"
2026-07-09T11:24:35Z ERR Register tunnel error from server side error="Unauthorized: Tunnel not found" connIndex=0 event=0 ip=2606:4700:a8::1
2026-07-09T11:24:35Z INF Retrying connection in up to 1m4s connIndex=0 event=0 ip=2606:4700:a8::1
2026-07-09T11:24:52Z ERR Connection terminated error="Unauthorized: Tunnel not found" connIndex=0
2026-07-09T11:25:43Z INF Tunnel connection curve preferences: [X25519MLKEM768 CurveID(65074) CurveP256] connIndex=0 event=0 ip=2606:4700:a8::1
2026-07-09T11:25:43Z ERR failed to serve incoming request error="Unauthorized: Tunnel not found"
2026-07-09T11:25:43Z ERR Register tunnel error from server side error="Unauthorized: Tunnel not found" connIndex=0 event=0 ip=2606:4700:a8::1
2026-07-09T11:25:43Z INF Retrying connection in up to 1m4s connIndex=0 event=0 ip=2606:4700:a8::1
2026-07-09T11:25:53Z ERR Connection terminated error="Unauthorized: Tunnel not found" connIndex=0
2026-07-09T11:27:57Z INF Tunnel connection curve preferences: [X25519MLKEM768 CurveID(65074) CurveP256] connIndex=0 event=0 ip=2606:4700:a8::1
2026-07-09T11:27:57Z ERR failed to serve incoming request error="Unauthorized: Tunnel not found"
2026-07-09T11:27:57Z ERR Register tunnel error from server side error="Unauthorized: Tunnel not found" connIndex=0 event=0 ip=2606:4700:a8::1
2026-07-09T11:27:57Z INF Retrying connection in up to 1m4s connIndex=0 event=0 ip=2606:4700:a8::1
2026-07-09T11:28:26Z ERR Connection terminated error="Unauthorized: Tunnel not found" connIndex=0
2026-07-09T11:31:55Z INF Tunnel connection curve preferences: [X25519MLKEM768 CurveID(65074) CurveP256] connIndex=0 event=0 ip=2606:4700:a8::1
2026-07-09T11:31:55Z ERR failed to serve incoming request error="Unauthorized: Tunnel not found"
2026-07-09T11:31:55Z ERR Register tunnel error from server side error="Unauthorized: Tunnel not found" connIndex=0 event=0 ip=2606:4700:a8::1
2026-07-09T11:31:55Z INF Retrying connection in up to 1m4s connIndex=0 event=0 ip=2606:4700:a8::1
2026-07-09T11:32:22Z ERR Connection terminated error="Unauthorized: Tunnel not found" connIndex=0
2026-07-09T11:36:36Z INF Tunnel connection curve preferences: [X25519MLKEM768 CurveID(65074) CurveP256] connIndex=0 event=0 ip=2606:4700:a8::1
2026-07-09T11:36:36Z ERR failed to serve incoming request error="Unauthorized: Tunnel not found"
2026-07-09T11:36:36Z ERR Register tunnel error from server side error="Unauthorized: Tunnel not found" connIndex=0 event=0 ip=2606:4700:a8::1
2026-07-09T11:36:36Z INF Retrying connection in up to 1m4s connIndex=0 event=0 ip=2606:4700:a8::1
2026-07-09T11:36:38Z ERR Connection terminated error="Unauthorized: Tunnel not found" connIndex=0
2026-07-09T11:37:07Z INF Tunnel connection curve preferences: [X25519MLKEM768 CurveID(65074) CurveP256] connIndex=0 event=0 ip=2606:4700:a8::1
2026-07-09T11:37:07Z ERR failed to serve incoming request error="Unauthorized: Tunnel not found"
2026-07-09T11:37:07Z ERR Register tunnel error from server side error="Unauthorized: Tunnel not found" connIndex=0 event=0 ip=2606:4700:a8::1
2026-07-09T11:37:07Z INF Retrying connection in up to 1m4s connIndex=0 event=0 ip=2606:4700:a8::1
2026-07-09T11:37:09Z ERR Connection terminated error="Unauthorized: Tunnel not found" connIndex=0
2026-07-09T11:37:40Z INF Tunnel connection curve preferences: [X25519MLKEM768 CurveID(65074) CurveP256] connIndex=0 event=0 ip=2606:4700:a8::1
2026-07-09T11:37:40Z ERR failed to serve incoming request error="Unauthorized: Tunnel not found"
2026-07-09T11:37:40Z ERR Register tunnel error from server side error="Unauthorized: Tunnel not found" connIndex=0 event=0 ip=2606:4700:a8::1
2026-07-09T11:37:40Z INF Retrying connection in up to 1m4s connIndex=0 event=0 ip=2606:4700:a8::1
2026-07-09T11:37:40Z ERR Connection terminated error="Unauthorized: Tunnel not found" connIndex=0
2026-07-09T11:42:13Z INF Tunnel connection curve preferences: [X25519MLKEM768 CurveID(65074) CurveP256] connIndex=0 event=0 ip=2606:4700:a8::1
2026-07-09T11:42:13Z ERR failed to serve incoming request error="Unauthorized: Tunnel not found"
2026-07-09T11:42:13Z ERR Register tunnel error from server side error="Unauthorized: Tunnel not found" connIndex=0 event=0 ip=2606:4700:a8::1
2026-07-09T11:42:13Z INF Retrying connection in up to 1m4s connIndex=0 event=0 ip=2606:4700:a8::1
2026-07-09T11:42:40Z ERR Connection terminated error="Unauthorized: Tunnel not found" connIndex=0
2026-07-09T11:44:00Z INF Tunnel connection curve preferences: [X25519MLKEM768 CurveID(65074) CurveP256] connIndex=0 event=0 ip=2606:4700:a8::1
2026-07-09T11:44:00Z ERR failed to serve incoming request error="Unauthorized: Tunnel not found"
2026-07-09T11:44:00Z ERR Register tunnel error from server side error="Unauthorized: Tunnel not found" connIndex=0 event=0 ip=2606:4700:a8::1
2026-07-09T11:44:00Z INF Retrying connection in up to 1m4s connIndex=0 event=0 ip=2606:4700:a8::1
2026-07-09T11:44:01Z ERR Connection terminated error="Unauthorized: Tunnel not found" connIndex=0
2026-07-09T11:44:26Z INF Tunnel connection curve preferences: [X25519MLKEM768 CurveID(65074) CurveP256] connIndex=0 event=0 ip=2606:4700:a8::1
2026-07-09T11:44:26Z ERR failed to serve incoming request error="Unauthorized: Tunnel not found"
2026-07-09T11:44:26Z ERR Register tunnel error from server side error="Unauthorized: Tunnel not found" connIndex=0 event=0 ip=2606:4700:a8::1
2026-07-09T11:44:26Z INF Retrying connection in up to 1m4s connIndex=0 event=0 ip=2606:4700:a8::1
2026-07-09T11:44:42Z ERR Connection terminated error="Unauthorized: Tunnel not found" connIndex=0
2026-07-09T11:47:32Z INF Tunnel connection curve preferences: [X25519MLKEM768 CurveID(65074) CurveP256] connIndex=0 event=0 ip=2606:4700:a8::1
2026-07-09T11:47:32Z ERR failed to serve incoming request error="Unauthorized: Tunnel not found"
2026-07-09T11:47:32Z ERR Register tunnel error from server side error="Unauthorized: Tunnel not found" connIndex=0 event=0 ip=2606:4700:a8::1
2026-07-09T11:47:32Z INF Retrying connection in up to 1m4s connIndex=0 event=0 ip=2606:4700:a8::1
2026-07-09T11:48:02Z ERR Connection terminated error="Unauthorized: Tunnel not found" connIndex=0
2026-07-09T11:48:12Z INF Tunnel connection curve preferences: [X25519MLKEM768 CurveID(65074) CurveP256] connIndex=0 event=0 ip=2606:4700:a8::1
2026-07-09T11:48:12Z ERR failed to serve incoming request error="Unauthorized: Tunnel not found"
2026-07-09T11:48:12Z ERR Register tunnel error from server side error="Unauthorized: Tunnel not found" connIndex=0 event=0 ip=2606:4700:a8::1
2026-07-09T11:48:12Z INF Retrying connection in up to 1m4s connIndex=0 event=0 ip=2606:4700:a8::1
2026-07-09T11:48:35Z ERR Connection terminated error="Unauthorized: Tunnel not found" connIndex=0
2026-07-09T11:51:50Z INF Tunnel connection curve preferences: [X25519MLKEM768 CurveID(65074) CurveP256] connIndex=0 event=0 ip=2606:4700:a8::1
2026-07-09T11:51:50Z ERR failed to serve incoming request error="Unauthorized: Tunnel not found"
2026-07-09T11:51:50Z ERR Register tunnel error from server side error="Unauthorized: Tunnel not found" connIndex=0 event=0 ip=2606:4700:a8::1
2026-07-09T11:51:50Z INF Retrying connection in up to 1m4s connIndex=0 event=0 ip=2606:4700:a8::1
2026-07-09T11:52:05Z ERR Connection terminated error="Unauthorized: Tunnel not found" connIndex=0
2026-07-09T11:54:02Z INF Tunnel connection curve preferences: [X25519MLKEM768 CurveID(65074) CurveP256] connIndex=0 event=0 ip=2606:4700:a8::1
2026-07-09T11:54:02Z ERR failed to serve incoming request error="Unauthorized: Tunnel not found"
2026-07-09T11:54:02Z ERR Register tunnel error from server side error="Unauthorized: Tunnel not found" connIndex=0 event=0 ip=2606:4700:a8::1
2026-07-09T11:54:02Z INF Retrying connection in up to 1m4s connIndex=0 event=0 ip=2606:4700:a8::1
2026-07-09T11:54:20Z ERR Connection terminated error="Unauthorized: Tunnel not found" connIndex=0
2026-07-09T11:58:08Z INF Tunnel connection curve preferences: [X25519MLKEM768 CurveID(65074) CurveP256] connIndex=0 event=0 ip=2606:4700:a8::1
2026-07-09T11:58:08Z ERR failed to serve incoming request error="Unauthorized: Tunnel not found"
2026-07-09T11:58:08Z ERR Register tunnel error from server side error="Unauthorized: Tunnel not found" connIndex=0 event=0 ip=2606:4700:a8::1
2026-07-09T11:58:08Z INF Retrying connection in up to 1m4s connIndex=0 event=0 ip=2606:4700:a8::1
2026-07-09T11:58:12Z ERR Connection terminated error="Unauthorized: Tunnel not found" connIndex=0
2026-07-09T12:01:27Z INF Tunnel connection curve preferences: [X25519MLKEM768 CurveID(65074) CurveP256] connIndex=0 event=0 ip=2606:4700:a8::1
2026-07-09T12:01:27Z ERR failed to serve incoming request error="Unauthorized: Tunnel not found"
2026-07-09T12:01:27Z ERR Register tunnel error from server side error="Unauthorized: Tunnel not found" connIndex=0 event=0 ip=2606:4700:a8::1
2026-07-09T12:01:27Z INF Retrying connection in up to 1m4s connIndex=0 event=0 ip=2606:4700:a8::1
2026-07-09T12:01:52Z ERR Connection terminated error="Unauthorized: Tunnel not found" connIndex=0
2026-07-09T12:03:25Z INF Tunnel connection curve preferences: [X25519MLKEM768 CurveID(65074) CurveP256] connIndex=0 event=0 ip=2606:4700:a8::1
2026-07-09T12:03:25Z ERR failed to serve incoming request error="Unauthorized: Tunnel not found"
2026-07-09T12:03:25Z ERR Register tunnel error from server side error="Unauthorized: Tunnel not found" connIndex=0 event=0 ip=2606:4700:a8::1
2026-07-09T12:03:25Z INF Retrying connection in up to 1m4s connIndex=0 event=0 ip=2606:4700:a8::1
2026-07-09T12:03:40Z ERR Connection terminated error="Unauthorized: Tunnel not found" connIndex=0
2026-07-09T12:05:26Z INF Tunnel connection curve preferences: [X25519MLKEM768 CurveID(65074) CurveP256] connIndex=0 event=0 ip=2606:4700:a8::1
2026-07-09T12:05:26Z ERR failed to serve incoming request error="Unauthorized: Tunnel not found"
2026-07-09T12:05:26Z ERR Register tunnel error from server side error="Unauthorized: Tunnel not found" connIndex=0 event=0 ip=2606:4700:a8::1
2026-07-09T12:05:26Z INF Retrying connection in up to 1m4s connIndex=0 event=0 ip=2606:4700:a8::1
2026-07-09T12:05:33Z ERR Connection terminated error="Unauthorized: Tunnel not found" connIndex=0
2026-07-09T12:06:31Z INF Tunnel connection curve preferences: [X25519MLKEM768 CurveID(65074) CurveP256] connIndex=0 event=0 ip=2606:4700:a8::1
2026-07-09T12:06:31Z ERR failed to serve incoming request error="Unauthorized: Tunnel not found"
2026-07-09T12:06:31Z ERR Register tunnel error from server side error="Unauthorized: Tunnel not found" connIndex=0 event=0 ip=2606:4700:a8::1
2026-07-09T12:06:31Z INF Retrying connection in up to 1m4s connIndex=0 event=0 ip=2606:4700:a8::1
2026-07-09T12:06:51Z ERR Connection terminated error="Unauthorized: Tunnel not found" connIndex=0
2026-07-09T12:08:18Z INF Tunnel connection curve preferences: [X25519MLKEM768 CurveID(65074) CurveP256] connIndex=0 event=0 ip=2606:4700:a8::1
2026-07-09T12:08:18Z ERR failed to serve incoming request error="Unauthorized: Tunnel not found"
2026-07-09T12:08:18Z ERR Register tunnel error from server side error="Unauthorized: Tunnel not found" connIndex=0 event=0 ip=2606:4700:a8::1
2026-07-09T12:08:18Z INF Retrying connection in up to 1m4s connIndex=0 event=0 ip=2606:4700:a8::1
2026-07-09T12:08:33Z ERR Connection terminated error="Unauthorized: Tunnel not found" connIndex=0
2026-07-09T12:11:24Z INF Tunnel connection curve preferences: [X25519MLKEM768 CurveID(65074) CurveP256] connIndex=0 event=0 ip=2606:4700:a8::1
2026-07-09T12:11:24Z ERR failed to serve incoming request error="Unauthorized: Tunnel not found"
2026-07-09T12:11:24Z ERR Register tunnel error from server side error="Unauthorized: Tunnel not found" connIndex=0 event=0 ip=2606:4700:a8::1
2026-07-09T12:11:24Z INF Retrying connection in up to 1m4s connIndex=0 event=0 ip=2606:4700:a8::1
2026-07-09T12:11:51Z ERR Connection terminated error="Unauthorized: Tunnel not found" connIndex=0
2026-07-09T12:12:31Z INF Tunnel connection curve preferences: [X25519MLKEM768 CurveID(65074) CurveP256] connIndex=0 event=0 ip=2606:4700:a8::1
2026-07-09T12:12:31Z ERR failed to serve incoming request error="Unauthorized: Tunnel not found"
2026-07-09T12:12:31Z ERR Register tunnel error from server side error="Unauthorized: Tunnel not found" connIndex=0 event=0 ip=2606:4700:a8::1
2026-07-09T12:12:31Z INF Retrying connection in up to 1m4s connIndex=0 event=0 ip=2606:4700:a8::1
2026-07-09T12:12:46Z ERR Connection terminated error="Unauthorized: Tunnel not found" connIndex=0
2026-07-09T12:13:23Z INF Tunnel connection curve preferences: [X25519MLKEM768 CurveID(65074) CurveP256] connIndex=0 event=0 ip=2606:4700:a8::1
2026-07-09T12:13:23Z ERR failed to serve incoming request error="Unauthorized: Tunnel not found"
2026-07-09T12:13:23Z ERR Register tunnel error from server side error="Unauthorized: Tunnel not found" connIndex=0 event=0 ip=2606:4700:a8::1
2026-07-09T12:13:23Z INF Retrying connection in up to 1m4s connIndex=0 event=0 ip=2606:4700:a8::1
2026-07-09T12:13:26Z ERR Connection terminated error="Unauthorized: Tunnel not found" connIndex=0
2026-07-09T12:18:38Z INF Tunnel connection curve preferences: [X25519MLKEM768 CurveID(65074) CurveP256] connIndex=0 event=0 ip=2606:4700:a8::1
2026-07-09T12:18:38Z ERR failed to serve incoming request error="Unauthorized: Tunnel not found"
2026-07-09T12:18:38Z ERR Register tunnel error from server side error="Unauthorized: Tunnel not found" connIndex=0 event=0 ip=2606:4700:a8::1
2026-07-09T12:18:38Z INF Retrying connection in up to 1m4s connIndex=0 event=0 ip=2606:4700:a8::1
2026-07-09T12:18:42Z ERR Connection terminated error="Unauthorized: Tunnel not found" connIndex=0
2026-07-09T12:22:41Z INF Tunnel connection curve preferences: [X25519MLKEM768 CurveID(65074) CurveP256] connIndex=0 event=0 ip=2606:4700:a8::1
2026-07-09T12:22:41Z ERR failed to serve incoming request error="Unauthorized: Tunnel not found"
2026-07-09T12:22:41Z ERR Register tunnel error from server side error="Unauthorized: Tunnel not found" connIndex=0 event=0 ip=2606:4700:a8::1
2026-07-09T12:22:41Z INF Retrying connection in up to 1m4s connIndex=0 event=0 ip=2606:4700:a8::1
2026-07-09T12:23:04Z ERR Connection terminated error="Unauthorized: Tunnel not found" connIndex=0
2026-07-09T12:26:35Z INF Tunnel connection curve preferences: [X25519MLKEM768 CurveID(65074) CurveP256] connIndex=0 event=0 ip=2606:4700:a8::1
2026-07-09T12:26:36Z ERR failed to serve incoming request error="Unauthorized: Tunnel not found"
2026-07-09T12:26:36Z ERR Register tunnel error from server side error="Unauthorized: Tunnel not found" connIndex=0 event=0 ip=2606:4700:a8::1
2026-07-09T12:26:36Z INF Retrying connection in up to 1m4s connIndex=0 event=0 ip=2606:4700:a8::1
2026-07-09T12:27:06Z ERR Connection terminated error="Unauthorized: Tunnel not found" connIndex=0
2026-07-09T12:28:51Z INF Tunnel connection curve preferences: [X25519MLKEM768 CurveID(65074) CurveP256] connIndex=0 event=0 ip=2606:4700:a8::1
2026-07-09T12:28:51Z ERR failed to serve incoming request error="Unauthorized: Tunnel not found"
2026-07-09T12:28:51Z ERR Register tunnel error from server side error="Unauthorized: Tunnel not found" connIndex=0 event=0 ip=2606:4700:a8::1
2026-07-09T12:28:51Z INF Retrying connection in up to 1m4s connIndex=0 event=0 ip=2606:4700:a8::1
2026-07-09T12:29:12Z ERR Connection terminated error="Unauthorized: Tunnel not found" connIndex=0
2026-07-09T12:29:51Z INF Tunnel connection curve preferences: [X25519MLKEM768 CurveID(65074) CurveP256] connIndex=0 event=0 ip=2606:4700:a8::1
2026-07-09T12:29:51Z ERR failed to serve incoming request error="Unauthorized: Tunnel not found"
2026-07-09T12:29:51Z ERR Register tunnel error from server side error="Unauthorized: Tunnel not found" connIndex=0 event=0 ip=2606:4700:a8::1
2026-07-09T12:29:51Z INF Retrying connection in up to 1m4s connIndex=0 event=0 ip=2606:4700:a8::1
2026-07-09T12:30:14Z ERR Connection terminated error="Unauthorized: Tunnel not found" connIndex=0
2026-07-09T12:32:03Z INF Tunnel connection curve preferences: [X25519MLKEM768 CurveID(65074) CurveP256] connIndex=0 event=0 ip=2606:4700:a8::1
2026-07-09T12:32:03Z ERR failed to serve incoming request error="Unauthorized: Tunnel not found"
2026-07-09T12:32:03Z ERR Register tunnel error from server side error="Unauthorized: Tunnel not found" connIndex=0 event=0 ip=2606:4700:a8::1
2026-07-09T12:32:03Z INF Retrying connection in up to 1m4s connIndex=0 event=0 ip=2606:4700:a8::1
2026-07-09T12:32:12Z ERR Connection terminated error="Unauthorized: Tunnel not found" connIndex=0
2026-07-09T12:34:07Z INF Tunnel connection curve preferences: [X25519MLKEM768 CurveID(65074) CurveP256] connIndex=0 event=0 ip=2606:4700:a8::1
2026-07-09T12:34:07Z ERR failed to serve incoming request error="Unauthorized: Tunnel not found"
2026-07-09T12:34:07Z ERR Register tunnel error from server side error="Unauthorized: Tunnel not found" connIndex=0 event=0 ip=2606:4700:a8::1
2026-07-09T12:34:07Z INF Retrying connection in up to 1m4s connIndex=0 event=0 ip=2606:4700:a8::1
2026-07-09T12:34:18Z ERR Connection terminated error="Unauthorized: Tunnel not found" connIndex=0
2026-07-09T12:37:26Z INF Tunnel connection curve preferences: [X25519MLKEM768 CurveID(65074) CurveP256] connIndex=0 event=0 ip=2606:4700:a8::1
2026-07-09T12:37:26Z ERR failed to serve incoming request error="Unauthorized: Tunnel not found"
2026-07-09T12:37:26Z ERR Register tunnel error from server side error="Unauthorized: Tunnel not found" connIndex=0 event=0 ip=2606:4700:a8::1
2026-07-09T12:37:26Z INF Retrying connection in up to 1m4s connIndex=0 event=0 ip=2606:4700:a8::1
2026-07-09T12:37:50Z ERR Connection terminated error="Unauthorized: Tunnel not found" connIndex=0
2026-07-09T12:38:02Z INF Tunnel connection curve preferences: [X25519MLKEM768 CurveID(65074) CurveP256] connIndex=0 event=0 ip=2606:4700:a8::1
2026-07-09T12:38:02Z ERR failed to serve incoming request error="Unauthorized: Tunnel not found"
2026-07-09T12:38:02Z ERR Register tunnel error from server side error="Unauthorized: Tunnel not found" connIndex=0 event=0 ip=2606:4700:a8::1
2026-07-09T12:38:02Z INF Retrying connection in up to 1m4s connIndex=0 event=0 ip=2606:4700:a8::1
2026-07-09T12:38:16Z ERR Connection terminated error="Unauthorized: Tunnel not found" connIndex=0
2026-07-09T12:40:22Z INF Tunnel connection curve preferences: [X25519MLKEM768 CurveID(65074) CurveP256] connIndex=0 event=0 ip=2606:4700:a8::1
2026-07-09T12:40:22Z ERR failed to serve incoming request error="Unauthorized: Tunnel not found"
2026-07-09T12:40:22Z ERR Register tunnel error from server side error="Unauthorized: Tunnel not found" connIndex=0 event=0 ip=2606:4700:a8::1
2026-07-09T12:40:22Z INF Retrying connection in up to 1m4s connIndex=0 event=0 ip=2606:4700:a8::1
2026-07-09T12:40:24Z ERR Connection terminated error="Unauthorized: Tunnel not found" connIndex=0
2026-07-09T12:42:31Z INF Tunnel connection curve preferences: [X25519MLKEM768 CurveID(65074) CurveP256] connIndex=0 event=0 ip=2606:4700:a8::1
2026-07-09T12:42:31Z ERR failed to serve incoming request error="Unauthorized: Tunnel not found"
2026-07-09T12:42:31Z ERR Register tunnel error from server side error="Unauthorized: Tunnel not found" connIndex=0 event=0 ip=2606:4700:a8::1
2026-07-09T12:42:31Z INF Retrying connection in up to 1m4s connIndex=0 event=0 ip=2606:4700:a8::1
2026-07-09T12:43:00Z ERR Connection terminated error="Unauthorized: Tunnel not found" connIndex=0
2026-07-09T12:47:39Z INF Tunnel connection curve preferences: [X25519MLKEM768 CurveID(65074) CurveP256] connIndex=0 event=0 ip=2606:4700:a8::1
2026-07-09T12:47:39Z ERR failed to serve incoming request error="Unauthorized: Tunnel not found"
2026-07-09T12:47:39Z ERR Register tunnel error from server side error="Unauthorized: Tunnel not found" connIndex=0 event=0 ip=2606:4700:a8::1
2026-07-09T12:47:39Z INF Retrying connection in up to 1m4s connIndex=0 event=0 ip=2606:4700:a8::1
2026-07-09T12:47:40Z ERR Connection terminated error="Unauthorized: Tunnel not found" connIndex=0
2026-07-09T12:49:27Z INF Tunnel connection curve preferences: [X25519MLKEM768 CurveID(65074) CurveP256] connIndex=0 event=0 ip=2606:4700:a8::1
2026-07-09T12:49:27Z ERR failed to serve incoming request error="Unauthorized: Tunnel not found"
2026-07-09T12:49:27Z ERR Register tunnel error from server side error="Unauthorized: Tunnel not found" connIndex=0 event=0 ip=2606:4700:a8::1
2026-07-09T12:49:27Z INF Retrying connection in up to 1m4s connIndex=0 event=0 ip=2606:4700:a8::1
2026-07-09T12:49:49Z ERR Connection terminated error="Unauthorized: Tunnel not found" connIndex=0
2026-07-09T12:52:11Z INF Tunnel connection curve preferences: [X25519MLKEM768 CurveID(65074) CurveP256] connIndex=0 event=0 ip=2606:4700:a8::1
2026-07-09T12:52:11Z ERR failed to serve incoming request error="Unauthorized: Tunnel not found"
2026-07-09T12:52:11Z ERR Register tunnel error from server side error="Unauthorized: Tunnel not found" connIndex=0 event=0 ip=2606:4700:a8::1
2026-07-09T12:52:11Z INF Retrying connection in up to 1m4s connIndex=0 event=0 ip=2606:4700:a8::1
2026-07-09T12:52:12Z ERR Connection terminated error="Unauthorized: Tunnel not found" connIndex=0
2026-07-09T12:52:46Z INF Tunnel connection curve preferences: [X25519MLKEM768 CurveID(65074) CurveP256] connIndex=0 event=0 ip=2606:4700:a8::1
2026-07-09T12:52:46Z ERR failed to serve incoming request error="Unauthorized: Tunnel not found"
2026-07-09T12:52:46Z ERR Register tunnel error from server side error="Unauthorized: Tunnel not found" connIndex=0 event=0 ip=2606:4700:a8::1
2026-07-09T12:52:46Z INF Retrying connection in up to 1m4s connIndex=0 event=0 ip=2606:4700:a8::1
2026-07-09T12:52:58Z ERR Connection terminated error="Unauthorized: Tunnel not found" connIndex=0
2026-07-09T12:57:56Z INF Tunnel connection curve preferences: [X25519MLKEM768 CurveID(65074) CurveP256] connIndex=0 event=0 ip=2606:4700:a8::1
2026-07-09T12:57:56Z ERR failed to serve incoming request error="Unauthorized: Tunnel not found"
2026-07-09T12:57:56Z ERR Register tunnel error from server side error="Unauthorized: Tunnel not found" connIndex=0 event=0 ip=2606:4700:a8::1
2026-07-09T12:57:56Z INF Retrying connection in up to 1m4s connIndex=0 event=0 ip=2606:4700:a8::1
2026-07-09T12:57:58Z ERR Connection terminated error="Unauthorized: Tunnel not found" connIndex=0
2026-07-09T12:58:08Z INF Tunnel connection curve preferences: [X25519MLKEM768 CurveID(65074) CurveP256] connIndex=0 event=0 ip=2606:4700:a8::1
2026-07-09T12:58:08Z ERR failed to serve incoming request error="Unauthorized: Tunnel not found"
2026-07-09T12:58:08Z ERR Register tunnel error from server side error="Unauthorized: Tunnel not found" connIndex=0 event=0 ip=2606:4700:a8::1
2026-07-09T12:58:08Z INF Retrying connection in up to 1m4s connIndex=0 event=0 ip=2606:4700:a8::1
2026-07-09T12:58:18Z ERR Connection terminated error="Unauthorized: Tunnel not found" connIndex=0
2026-07-09T13:02:38Z INF Tunnel connection curve preferences: [X25519MLKEM768 CurveID(65074) CurveP256] connIndex=0 event=0 ip=2606:4700:a8::1
2026-07-09T13:02:38Z ERR failed to serve incoming request error="Unauthorized: Tunnel not found"
2026-07-09T13:02:38Z ERR Register tunnel error from server side error="Unauthorized: Tunnel not found" connIndex=0 event=0 ip=2606:4700:a8::1
2026-07-09T13:02:38Z INF Retrying connection in up to 1m4s connIndex=0 event=0 ip=2606:4700:a8::1
2026-07-09T13:03:10Z ERR Connection terminated error="Unauthorized: Tunnel not found" connIndex=0
2026-07-09T13:07:41Z INF Tunnel connection curve preferences: [X25519MLKEM768 CurveID(65074) CurveP256] connIndex=0 event=0 ip=2606:4700:a8::1
2026-07-09T13:07:41Z ERR failed to serve incoming request error="Unauthorized: Tunnel not found"
2026-07-09T13:07:41Z ERR Register tunnel error from server side error="Unauthorized: Tunnel not found" connIndex=0 event=0 ip=2606:4700:a8::1
2026-07-09T13:07:41Z INF Retrying connection in up to 1m4s connIndex=0 event=0 ip=2606:4700:a8::1
2026-07-09T13:08:04Z ERR Connection terminated error="Unauthorized: Tunnel not found" connIndex=0
2026-07-09T13:09:25Z INF Tunnel connection curve preferences: [X25519MLKEM768 CurveID(65074) CurveP256] connIndex=0 event=0 ip=2606:4700:a8::1
2026-07-09T13:09:25Z ERR failed to serve incoming request error="Unauthorized: Tunnel not found"
2026-07-09T13:09:25Z ERR Register tunnel error from server side error="Unauthorized: Tunnel not found" connIndex=0 event=0 ip=2606:4700:a8::1
2026-07-09T13:09:25Z INF Retrying connection in up to 1m4s connIndex=0 event=0 ip=2606:4700:a8::1
2026-07-09T13:09:43Z ERR Connection terminated error="Unauthorized: Tunnel not found" connIndex=0
2026-07-09T13:11:16Z INF Tunnel connection curve preferences: [X25519MLKEM768 CurveID(65074) CurveP256] connIndex=0 event=0 ip=2606:4700:a8::1
2026-07-09T13:11:16Z ERR failed to serve incoming request error="Unauthorized: Tunnel not found"
2026-07-09T13:11:16Z ERR Register tunnel error from server side error="Unauthorized: Tunnel not found" connIndex=0 event=0 ip=2606:4700:a8::1
2026-07-09T13:11:16Z INF Retrying connection in up to 1m4s connIndex=0 event=0 ip=2606:4700:a8::1
2026-07-09T13:11:36Z ERR Connection terminated error="Unauthorized: Tunnel not found" connIndex=0
2026-07-09T13:16:44Z INF Tunnel connection curve preferences: [X25519MLKEM768 CurveID(65074) CurveP256] connIndex=0 event=0 ip=2606:4700:a8::1
2026-07-09T13:16:44Z ERR failed to serve incoming request error="Unauthorized: Tunnel not found"
2026-07-09T13:16:44Z ERR Register tunnel error from server side error="Unauthorized: Tunnel not found" connIndex=0 event=0 ip=2606:4700:a8::1
2026-07-09T13:16:44Z INF Retrying connection in up to 1m4s connIndex=0 event=0 ip=2606:4700:a8::1
2026-07-09T13:16:49Z ERR Connection terminated error="Unauthorized: Tunnel not found" connIndex=0
2026-07-09T13:22:05Z INF Tunnel connection curve preferences: [X25519MLKEM768 CurveID(65074) CurveP256] connIndex=0 event=0 ip=2606:4700:a8::1
2026-07-09T13:22:05Z ERR failed to serve incoming request error="Unauthorized: Tunnel not found"
2026-07-09T13:22:05Z ERR Register tunnel error from server side error="Unauthorized: Tunnel not found" connIndex=0 event=0 ip=2606:4700:a8::1
2026-07-09T13:22:05Z INF Retrying connection in up to 1m4s connIndex=0 event=0 ip=2606:4700:a8::1
2026-07-09T13:22:11Z ERR Connection terminated error="Unauthorized: Tunnel not found" connIndex=0
2026-07-09T13:25:21Z INF Tunnel connection curve preferences: [X25519MLKEM768 CurveID(65074) CurveP256] connIndex=0 event=0 ip=2606:4700:a8::1
2026-07-09T13:25:21Z ERR failed to serve incoming request error="Unauthorized: Tunnel not found"
2026-07-09T13:25:21Z ERR Register tunnel error from server side error="Unauthorized: Tunnel not found" connIndex=0 event=0 ip=2606:4700:a8::1
2026-07-09T13:25:21Z INF Retrying connection in up to 1m4s connIndex=0 event=0 ip=2606:4700:a8::1
2026-07-09T13:25:51Z ERR Connection terminated error="Unauthorized: Tunnel not found" connIndex=0
2026-07-09T13:29:50Z INF Tunnel connection curve preferences: [X25519MLKEM768 CurveID(65074) CurveP256] connIndex=0 event=0 ip=2606:4700:a8::1
2026-07-09T13:29:50Z ERR failed to serve incoming request error="Unauthorized: Tunnel not found"
2026-07-09T13:29:50Z ERR Register tunnel error from server side error="Unauthorized: Tunnel not found" connIndex=0 event=0 ip=2606:4700:a8::1
2026-07-09T13:29:50Z INF Retrying connection in up to 1m4s connIndex=0 event=0 ip=2606:4700:a8::1
2026-07-09T13:30:09Z ERR Connection terminated error="Unauthorized: Tunnel not found" connIndex=0
2026-07-09T13:33:29Z INF Tunnel connection curve preferences: [X25519MLKEM768 CurveID(65074) CurveP256] connIndex=0 event=0 ip=2606:4700:a8::1
2026-07-09T13:33:29Z ERR failed to serve incoming request error="Unauthorized: Tunnel not found"
2026-07-09T13:33:29Z ERR Register tunnel error from server side error="Unauthorized: Tunnel not found" connIndex=0 event=0 ip=2606:4700:a8::1
2026-07-09T13:33:29Z INF Retrying connection in up to 1m4s connIndex=0 event=0 ip=2606:4700:a8::1
2026-07-09T13:34:01Z ERR Connection terminated error="Unauthorized: Tunnel not found" connIndex=0
2026-07-09T13:35:55Z INF Tunnel connection curve preferences: [X25519MLKEM768 CurveID(65074) CurveP256] connIndex=0 event=0 ip=2606:4700:a8::1
2026-07-09T13:35:55Z ERR failed to serve incoming request error="Unauthorized: Tunnel not found"
2026-07-09T13:35:55Z ERR Register tunnel error from server side error="Unauthorized: Tunnel not found" connIndex=0 event=0 ip=2606:4700:a8::1
2026-07-09T13:35:55Z INF Retrying connection in up to 1m4s connIndex=0 event=0 ip=2606:4700:a8::1
2026-07-09T13:36:12Z ERR Connection terminated error="Unauthorized: Tunnel not found" connIndex=0
2026-07-09T13:36:31Z INF Tunnel connection curve preferences: [X25519MLKEM768 CurveID(65074) CurveP256] connIndex=0 event=0 ip=2606:4700:a8::1
2026-07-09T13:36:31Z ERR failed to serve incoming request error="Unauthorized: Tunnel not found"
2026-07-09T13:36:31Z ERR Register tunnel error from server side error="Unauthorized: Tunnel not found" connIndex=0 event=0 ip=2606:4700:a8::1
2026-07-09T13:36:31Z INF Retrying connection in up to 1m4s connIndex=0 event=0 ip=2606:4700:a8::1
2026-07-09T13:36:50Z ERR Connection terminated error="Unauthorized: Tunnel not found" connIndex=0
2026-07-09T13:39:19Z INF Tunnel connection curve preferences: [X25519MLKEM768 CurveID(65074) CurveP256] connIndex=0 event=0 ip=2606:4700:a8::1
2026-07-09T13:39:19Z ERR failed to serve incoming request error="Unauthorized: Tunnel not found"
2026-07-09T13:39:19Z ERR Register tunnel error from server side error="Unauthorized: Tunnel not found" connIndex=0 event=0 ip=2606:4700:a8::1
2026-07-09T13:39:19Z INF Retrying connection in up to 1m4s connIndex=0 event=0 ip=2606:4700:a8::1
2026-07-09T13:39:23Z ERR Connection terminated error="Unauthorized: Tunnel not found" connIndex=0
2026-07-09T13:42:17Z INF Tunnel connection curve preferences: [X25519MLKEM768 CurveID(65074) CurveP256] connIndex=0 event=0 ip=2606:4700:a8::1
2026-07-09T13:42:17Z ERR failed to serve incoming request error="Unauthorized: Tunnel not found"
2026-07-09T13:42:17Z ERR Register tunnel error from server side error="Unauthorized: Tunnel not found" connIndex=0 event=0 ip=2606:4700:a8::1
2026-07-09T13:42:17Z INF Retrying connection in up to 1m4s connIndex=0 event=0 ip=2606:4700:a8::1
2026-07-09T13:42:37Z ERR Connection terminated error="Unauthorized: Tunnel not found" connIndex=0
2026-07-09T13:43:46Z INF Tunnel connection curve preferences: [X25519MLKEM768 CurveID(65074) CurveP256] connIndex=0 event=0 ip=2606:4700:a8::1
2026-07-09T13:43:46Z ERR failed to serve incoming request error="Unauthorized: Tunnel not found"
2026-07-09T13:43:46Z ERR Register tunnel error from server side error="Unauthorized: Tunnel not found" connIndex=0 event=0 ip=2606:4700:a8::1
2026-07-09T13:43:46Z INF Retrying connection in up to 1m4s connIndex=0 event=0 ip=2606:4700:a8::1
2026-07-09T13:44:11Z ERR Connection terminated error="Unauthorized: Tunnel not found" connIndex=0
2026-07-09T13:49:29Z INF Tunnel connection curve preferences: [X25519MLKEM768 CurveID(65074) CurveP256] connIndex=0 event=0 ip=2606:4700:a8::1
2026-07-09T13:49:29Z ERR failed to serve incoming request error="Unauthorized: Tunnel not found"
2026-07-09T13:49:29Z ERR Register tunnel error from server side error="Unauthorized: Tunnel not found" connIndex=0 event=0 ip=2606:4700:a8::1
2026-07-09T13:49:29Z INF Retrying connection in up to 1m4s connIndex=0 event=0 ip=2606:4700:a8::1
2026-07-09T13:49:39Z ERR Connection terminated error="Unauthorized: Tunnel not found" connIndex=0
2026-07-09T13:51:07Z INF Tunnel connection curve preferences: [X25519MLKEM768 CurveID(65074) CurveP256] connIndex=0 event=0 ip=2606:4700:a8::1
2026-07-09T13:51:07Z ERR failed to serve incoming request error="Unauthorized: Tunnel not found"
2026-07-09T13:51:07Z ERR Register tunnel error from server side error="Unauthorized: Tunnel not found" connIndex=0 event=0 ip=2606:4700:a8::1
2026-07-09T13:51:07Z INF Retrying connection in up to 1m4s connIndex=0 event=0 ip=2606:4700:a8::1
2026-07-09T13:51:20Z ERR Connection terminated error="Unauthorized: Tunnel not found" connIndex=0
2026-07-09T13:53:51Z INF Tunnel connection curve preferences: [X25519MLKEM768 CurveID(65074) CurveP256] connIndex=0 event=0 ip=2606:4700:a8::1
2026-07-09T13:53:51Z ERR failed to serve incoming request error="Unauthorized: Tunnel not found"
2026-07-09T13:53:51Z ERR Register tunnel error from server side error="Unauthorized: Tunnel not found" connIndex=0 event=0 ip=2606:4700:a8::1
2026-07-09T13:53:51Z INF Retrying connection in up to 1m4s connIndex=0 event=0 ip=2606:4700:a8::1
2026-07-09T13:53:57Z ERR Connection terminated error="Unauthorized: Tunnel not found" connIndex=0
2026-07-09T13:54:20Z INF Tunnel connection curve preferences: [X25519MLKEM768 CurveID(65074) CurveP256] connIndex=0 event=0 ip=2606:4700:a8::1
2026-07-09T13:54:20Z ERR failed to serve incoming request error="Unauthorized: Tunnel not found"
2026-07-09T13:54:20Z ERR Register tunnel error from server side error="Unauthorized: Tunnel not found" connIndex=0 event=0 ip=2606:4700:a8::1
2026-07-09T13:54:20Z INF Retrying connection in up to 1m4s connIndex=0 event=0 ip=2606:4700:a8::1
2026-07-09T13:54:27Z ERR Connection terminated error="Unauthorized: Tunnel not found" connIndex=0
2026-07-09T13:56:01Z INF Tunnel connection curve preferences: [X25519MLKEM768 CurveID(65074) CurveP256] connIndex=0 event=0 ip=2606:4700:a8::1
2026-07-09T13:56:01Z ERR failed to serve incoming request error="Unauthorized: Tunnel not found"
2026-07-09T13:56:01Z ERR Register tunnel error from server side error="Unauthorized: Tunnel not found" connIndex=0 event=0 ip=2606:4700:a8::1
2026-07-09T13:56:01Z INF Retrying connection in up to 1m4s connIndex=0 event=0 ip=2606:4700:a8::1
2026-07-09T13:56:12Z ERR Connection terminated error="Unauthorized: Tunnel not found" connIndex=0
2026-07-09T13:59:37Z INF Tunnel connection curve preferences: [X25519MLKEM768 CurveID(65074) CurveP256] connIndex=0 event=0 ip=2606:4700:a8::1
2026-07-09T13:59:37Z ERR failed to serve incoming request error="Unauthorized: Tunnel not found"
2026-07-09T13:59:37Z ERR Register tunnel error from server side error="Unauthorized: Tunnel not found" connIndex=0 event=0 ip=2606:4700:a8::1
2026-07-09T13:59:37Z INF Retrying connection in up to 1m4s connIndex=0 event=0 ip=2606:4700:a8::1
2026-07-09T13:59:38Z ERR Connection terminated error="Unauthorized: Tunnel not found" connIndex=0
2026-07-09T14:00:04Z INF Tunnel connection curve preferences: [X25519MLKEM768 CurveID(65074) CurveP256] connIndex=0 event=0 ip=2606:4700:a8::1
2026-07-09T14:00:04Z ERR failed to serve incoming request error="Unauthorized: Tunnel not found"
2026-07-09T14:00:04Z ERR Register tunnel error from server side error="Unauthorized: Tunnel not found" connIndex=0 event=0 ip=2606:4700:a8::1
2026-07-09T14:00:04Z INF Retrying connection in up to 1m4s connIndex=0 event=0 ip=2606:4700:a8::1
2026-07-09T14:00:13Z ERR Connection terminated error="Unauthorized: Tunnel not found" connIndex=0
2026-07-09T14:04:37Z INF Tunnel connection curve preferences: [X25519MLKEM768 CurveID(65074) CurveP256] connIndex=0 event=0 ip=2606:4700:a8::1
2026-07-09T14:04:37Z ERR failed to serve incoming request error="Unauthorized: Tunnel not found"
2026-07-09T14:04:37Z ERR Register tunnel error from server side error="Unauthorized: Tunnel not found" connIndex=0 event=0 ip=2606:4700:a8::1
2026-07-09T14:04:37Z INF Retrying connection in up to 1m4s connIndex=0 event=0 ip=2606:4700:a8::1
2026-07-09T14:04:43Z ERR Connection terminated error="Unauthorized: Tunnel not found" connIndex=0
2026-07-09T14:07:36Z INF Tunnel connection curve preferences: [X25519MLKEM768 CurveID(65074) CurveP256] connIndex=0 event=0 ip=2606:4700:a8::1
2026-07-09T14:07:36Z ERR failed to serve incoming request error="Unauthorized: Tunnel not found"
2026-07-09T14:07:36Z ERR Register tunnel error from server side error="Unauthorized: Tunnel not found" connIndex=0 event=0 ip=2606:4700:a8::1
2026-07-09T14:07:36Z INF Retrying connection in up to 1m4s connIndex=0 event=0 ip=2606:4700:a8::1
2026-07-09T14:07:49Z ERR Connection terminated error="Unauthorized: Tunnel not found" connIndex=0
2026-07-09T14:08:24Z INF Tunnel connection curve preferences: [X25519MLKEM768 CurveID(65074) CurveP256] connIndex=0 event=0 ip=2606:4700:a8::1
2026-07-09T14:08:24Z ERR failed to serve incoming request error="Unauthorized: Tunnel not found"
2026-07-09T14:08:24Z ERR Register tunnel error from server side error="Unauthorized: Tunnel not found" connIndex=0 event=0 ip=2606:4700:a8::1
2026-07-09T14:08:24Z INF Retrying connection in up to 1m4s connIndex=0 event=0 ip=2606:4700:a8::1
2026-07-09T14:08:51Z ERR Connection terminated error="Unauthorized: Tunnel not found" connIndex=0
2026-07-09T14:10:37Z INF Tunnel connection curve preferences: [X25519MLKEM768 CurveID(65074) CurveP256] connIndex=0 event=0 ip=2606:4700:a8::1
2026-07-09T14:10:37Z ERR failed to serve incoming request error="Unauthorized: Tunnel not found"
2026-07-09T14:10:37Z ERR Register tunnel error from server side error="Unauthorized: Tunnel not found" connIndex=0 event=0 ip=2606:4700:a8::1
2026-07-09T14:10:37Z INF Retrying connection in up to 1m4s connIndex=0 event=0 ip=2606:4700:a8::1
2026-07-09T14:10:39Z ERR Connection terminated error="Unauthorized: Tunnel not found" connIndex=0
2026-07-09T14:15:25Z INF Tunnel connection curve preferences: [X25519MLKEM768 CurveID(65074) CurveP256] connIndex=0 event=0 ip=2606:4700:a8::1
2026-07-09T14:15:25Z ERR failed to serve incoming request error="Unauthorized: Tunnel not found"
2026-07-09T14:15:26Z ERR Register tunnel error from server side error="Unauthorized: Tunnel not found" connIndex=0 event=0 ip=2606:4700:a8::1
2026-07-09T14:15:26Z INF Retrying connection in up to 1m4s connIndex=0 event=0 ip=2606:4700:a8::1
2026-07-09T14:15:43Z ERR Connection terminated error="Unauthorized: Tunnel not found" connIndex=0
2026-07-09T14:18:43Z INF Tunnel connection curve preferences: [X25519MLKEM768 CurveID(65074) CurveP256] connIndex=0 event=0 ip=2606:4700:a8::1
2026-07-09T14:18:43Z ERR failed to serve incoming request error="Unauthorized: Tunnel not found"
2026-07-09T14:18:43Z ERR Register tunnel error from server side error="Unauthorized: Tunnel not found" connIndex=0 event=0 ip=2606:4700:a8::1
2026-07-09T14:18:43Z INF Retrying connection in up to 1m4s connIndex=0 event=0 ip=2606:4700:a8::1
2026-07-09T14:18:45Z ERR Connection terminated error="Unauthorized: Tunnel not found" connIndex=0
2026-07-09T14:21:54Z INF Tunnel connection curve preferences: [X25519MLKEM768 CurveID(65074) CurveP256] connIndex=0 event=0 ip=2606:4700:a8::1
2026-07-09T14:21:54Z ERR failed to serve incoming request error="Unauthorized: Tunnel not found"
2026-07-09T14:21:54Z ERR Register tunnel error from server side error="Unauthorized: Tunnel not found" connIndex=0 event=0 ip=2606:4700:a8::1
2026-07-09T14:21:54Z INF Retrying connection in up to 1m4s connIndex=0 event=0 ip=2606:4700:a8::1
2026-07-09T14:22:00Z ERR Connection terminated error="Unauthorized: Tunnel not found" connIndex=0
2026-07-09T14:22:55Z INF Initiating graceful shutdown due to signal terminated ...
