2026-07-08T13:00:14Z INF Thank you for trying Cloudflare Tunnel. Doing so, without a Cloudflare account, is a quick way to experiment and try it out. However, be aware that these account-less Tunnels have no uptime guarantee, are subject to the Cloudflare Online Services Terms of Use (https://www.cloudflare.com/website-terms/), and Cloudflare reserves the right to investigate your use of Tunnels for violations of such terms. If you intend to use Tunnels in production you should use a pre-created named tunnel by following: https://developers.cloudflare.com/cloudflare-one/connections/connect-apps
2026-07-08T13:00:14Z INF Requesting new quick Tunnel on trycloudflare.com...
2026-07-08T13:00:18Z INF +--------------------------------------------------------------------------------------------+
2026-07-08T13:00:18Z INF |  Your quick Tunnel has been created! Visit it at (it may take some time to be reachable):  |
2026-07-08T13:00:18Z INF |  https://minority-promises-warrant-classics.trycloudflare.com                              |
2026-07-08T13:00:18Z INF +--------------------------------------------------------------------------------------------+
2026-07-08T13:00:18Z INF Cannot determine default configuration path. No file [config.yml config.yaml] in [~/.cloudflared ~/.cloudflare-warp ~/cloudflare-warp]
2026-07-08T13:00:18Z INF Version 2026.6.1 (Checksum 5253e66f1f493c4e13539749f1aa86fd0c61e3072900fec29a44ba046a6d97e2)
2026-07-08T13:00:18Z INF GOOS: windows, GOVersion: go1.26.4, GoArch: amd64
2026-07-08T13:00:18Z INF Settings: map[ha-connections:1 protocol:quic url:http://127.0.0.1:5173]
2026-07-08T13:00:18Z INF cloudflared will not automatically update on Windows systems.
2026-07-08T13:00:18Z INF Generated Connector ID: 3b6353b1-ef15-4302-988e-cda9fe2f3d4f
2026-07-08T13:00:18Z INF Initial protocol quic
2026-07-08T13:00:18Z INF ICMP proxy will use 192.168.1.179 as source for IPv4
2026-07-08T13:00:18Z INF ICMP proxy will use 2001:b011:7008:f3f4:575f:6638:e281:647f in zone 乙太網路 as source for IPv6
2026-07-08T13:00:18Z INF cloudflared does not support loading the system root certificate pool on Windows. Please use --origin-ca-pool <PATH> to specify the path to the certificate pool
2026-07-08T13:00:18Z INF ICMP proxy will use 192.168.1.179 as source for IPv4
2026-07-08T13:00:18Z INF Tunnel connection curve preferences: [X25519MLKEM768 CurveID(65074) CurveP256] connIndex=0 event=0 ip=2606:4700:a0::3
2026-07-08T13:00:18Z INF ICMP proxy will use 2001:b011:7008:f3f4:575f:6638:e281:647f in zone 乙太網路 as source for IPv6
2026-07-08T13:00:18Z INF Starting metrics server on 127.0.0.1:20241/metrics
2026-07-08T13:00:18Z INF +-------------------------------------------------------------------------------------+
2026-07-08T13:00:18Z INF |                               CONNECTIVITY PRE-CHECKS                               |
2026-07-08T13:00:18Z INF +-------------------------------------------------------------------------------------+
2026-07-08T13:00:18Z INF |  COMPONENT         TARGET                     STATUS  DETAILS                       |
2026-07-08T13:00:18Z INF |  DNS Resolution    region1.v2.argotunnel.com  PASS    DNS Resolved successfully     |
2026-07-08T13:00:18Z INF |  DNS Resolution    region2.v2.argotunnel.com  PASS    DNS Resolved successfully     |
2026-07-08T13:00:18Z INF |  UDP Connectivity  region1.v2.argotunnel.com  PASS    QUIC connection successful    |
2026-07-08T13:00:18Z INF |  UDP Connectivity  region2.v2.argotunnel.com  PASS    QUIC connection successful    |
2026-07-08T13:00:18Z INF |  TCP Connectivity  region1.v2.argotunnel.com  PASS    HTTP/2 connection successful  |
2026-07-08T13:00:18Z INF |  TCP Connectivity  region2.v2.argotunnel.com  PASS    HTTP/2 connection successful  |
2026-07-08T13:00:18Z INF |  Cloudflare API    api.cloudflare.com:443     PASS    API is reachable              |
2026-07-08T13:00:18Z INF |                                                                                     |
2026-07-08T13:00:18Z INF |  SUMMARY: Environment is healthy. cloudflared will use 'quic' as primary protocol.  |
2026-07-08T13:00:18Z INF +-------------------------------------------------------------------------------------+
2026-07-08T13:00:18Z INF precheck component="DNS Resolution" details="DNS Resolved successfully" run_id=bd6fd11d-6949-4e74-9cb7-a1ab68e08c73 status=pass target=region1.v2.argotunnel.com
2026-07-08T13:00:18Z INF precheck component="DNS Resolution" details="DNS Resolved successfully" run_id=bd6fd11d-6949-4e74-9cb7-a1ab68e08c73 status=pass target=region2.v2.argotunnel.com
2026-07-08T13:00:18Z INF precheck component="UDP Connectivity" details="QUIC connection successful" run_id=bd6fd11d-6949-4e74-9cb7-a1ab68e08c73 status=pass target=region1.v2.argotunnel.com
2026-07-08T13:00:18Z INF precheck component="UDP Connectivity" details="QUIC connection successful" run_id=bd6fd11d-6949-4e74-9cb7-a1ab68e08c73 status=pass target=region2.v2.argotunnel.com
2026-07-08T13:00:18Z INF precheck component="TCP Connectivity" details="HTTP/2 connection successful" run_id=bd6fd11d-6949-4e74-9cb7-a1ab68e08c73 status=pass target=region1.v2.argotunnel.com
2026-07-08T13:00:18Z INF precheck component="TCP Connectivity" details="HTTP/2 connection successful" run_id=bd6fd11d-6949-4e74-9cb7-a1ab68e08c73 status=pass target=region2.v2.argotunnel.com
2026-07-08T13:00:18Z INF precheck component="Cloudflare API" details="API is reachable" run_id=bd6fd11d-6949-4e74-9cb7-a1ab68e08c73 status=pass target=api.cloudflare.com:443
2026-07-08T13:00:18Z INF precheck complete hard_fail=false run_id=bd6fd11d-6949-4e74-9cb7-a1ab68e08c73 suggested_protocol=quic
2026-07-08T13:00:19Z INF Registered tunnel connection connIndex=0 connection=0128173a-171e-4ee2-9f83-2220d488a336 event=0 ip=2606:4700:a0::3 location=khh01 protocol=quic
2026-07-08T13:34:16Z INF Initiating graceful shutdown due to signal terminated ...
2026-07-08T13:34:16Z ERR failed to run the datagram handler error="Application error 0x0 (remote)" connIndex=0 event=0 ip=2606:4700:a0::3
2026-07-08T13:34:16Z ERR failed to serve tunnel connection error="accept stream listener encountered a failure while serving" connIndex=0 event=0 ip=2606:4700:a0::3
2026-07-08T13:34:16Z ERR Serve tunnel error error="accept stream listener encountered a failure while serving" connIndex=0 event=0 ip=2606:4700:a0::3
2026-07-08T13:34:16Z INF Retrying connection in up to 1s connIndex=0 event=0 ip=2606:4700:a0::3
2026-07-08T13:34:16Z ERR Connection terminated connIndex=0
2026-07-08T13:34:16Z ERR no more connections active and exiting
2026-07-08T13:34:16Z INF Tunnel server stopped
2026-07-08T13:34:16Z INF Metrics server stopped
